2025-03-02 05:02:22,497 [Worker-7: Loading available Gradle versions] INFO  o.e.b.c.i.u.g.PublishedGradleVersions - Gradle version information cache is not available. Remote download required.
2025-03-02 05:05:30,099 [Worker-0: Launching mavenrun-2da76a69-b320-4215-abc0-b96ba866cdc7] INFO  o.eclipse.m2e.core.internal.Bundles - getClasspathEntries(Bundle=org.eclipse.m2e.maven.runtime_3.9.900.20240824-1409 [298])
2025-03-02 05:05:30,104 [Worker-0: Launching mavenrun-2da76a69-b320-4215-abc0-b96ba866cdc7] INFO  o.eclipse.m2e.core.internal.Bundles - 	Entry: C:\Users\sahan\.p2\pool\plugins\org.eclipse.m2e.maven.runtime_3.9.900.20240824-1409
2025-03-02 05:05:30,105 [Worker-0: Launching mavenrun-2da76a69-b320-4215-abc0-b96ba866cdc7] INFO  o.eclipse.m2e.core.internal.Bundles - 	Entry: C:\Users\sahan\.p2\pool\plugins\org.eclipse.m2e.maven.runtime_3.9.900.20240824-1409\jars\aopalliance-1.0.jar
2025-03-02 05:05:30,105 [Worker-0: Launching mavenrun-2da76a69-b320-4215-abc0-b96ba866cdc7] INFO  o.eclipse.m2e.core.internal.Bundles - 	Entry: C:\Users\sahan\.p2\pool\plugins\org.eclipse.m2e.maven.runtime_3.9.900.20240824-1409\jars\guice-5.1.0.jar
2025-03-02 05:05:30,106 [Worker-0: Launching mavenrun-2da76a69-b320-4215-abc0-b96ba866cdc7] INFO  o.eclipse.m2e.core.internal.Bundles - 	Entry: C:\Users\sahan\.p2\pool\plugins\org.eclipse.m2e.maven.runtime_3.9.900.20240824-1409\jars\httpclient-4.5.14.jar
2025-03-02 05:05:30,106 [Worker-0: Launching mavenrun-2da76a69-b320-4215-abc0-b96ba866cdc7] INFO  o.eclipse.m2e.core.internal.Bundles - 	Entry: C:\Users\sahan\.p2\pool\plugins\org.eclipse.m2e.maven.runtime_3.9.900.20240824-1409\jars\httpcore-4.4.16.jar
2025-03-02 05:05:30,106 [Worker-0: Launching mavenrun-2da76a69-b320-4215-abc0-b96ba866cdc7] INFO  o.eclipse.m2e.core.internal.Bundles - 	Entry: C:\Users\sahan\.p2\pool\plugins\org.eclipse.m2e.maven.runtime_3.9.900.20240824-1409\jars\jansi-2.4.1.jar
2025-03-02 05:05:30,106 [Worker-0: Launching mavenrun-2da76a69-b320-4215-abc0-b96ba866cdc7] INFO  o.eclipse.m2e.core.internal.Bundles - 	Entry: C:\Users\sahan\.p2\pool\plugins\org.eclipse.m2e.maven.runtime_3.9.900.20240824-1409\jars\jcl-over-slf4j-1.7.36.jar
2025-03-02 05:05:30,107 [Worker-0: Launching mavenrun-2da76a69-b320-4215-abc0-b96ba866cdc7] INFO  o.eclipse.m2e.core.internal.Bundles - 	Entry: C:\Users\sahan\.p2\pool\plugins\org.eclipse.m2e.maven.runtime_3.9.900.20240824-1409\jars\maven-artifact-3.9.9.jar
2025-03-02 05:05:30,107 [Worker-0: Launching mavenrun-2da76a69-b320-4215-abc0-b96ba866cdc7] INFO  o.eclipse.m2e.core.internal.Bundles - 	Entry: C:\Users\sahan\.p2\pool\plugins\org.eclipse.m2e.maven.runtime_3.9.900.20240824-1409\jars\maven-builder-support-3.9.9.jar
2025-03-02 05:05:30,107 [Worker-0: Launching mavenrun-2da76a69-b320-4215-abc0-b96ba866cdc7] INFO  o.eclipse.m2e.core.internal.Bundles - 	Entry: C:\Users\sahan\.p2\pool\plugins\org.eclipse.m2e.maven.runtime_3.9.900.20240824-1409\jars\maven-compat-3.9.9.jar
2025-03-02 05:05:30,108 [Worker-0: Launching mavenrun-2da76a69-b320-4215-abc0-b96ba866cdc7] INFO  o.eclipse.m2e.core.internal.Bundles - 	Entry: C:\Users\sahan\.p2\pool\plugins\org.eclipse.m2e.maven.runtime_3.9.900.20240824-1409\jars\maven-core-3.9.9.jar
2025-03-02 05:05:30,108 [Worker-0: Launching mavenrun-2da76a69-b320-4215-abc0-b96ba866cdc7] INFO  o.eclipse.m2e.core.internal.Bundles - 	Entry: C:\Users\sahan\.p2\pool\plugins\org.eclipse.m2e.maven.runtime_3.9.900.20240824-1409\jars\maven-embedder-3.9.9.jar
2025-03-02 05:05:30,108 [Worker-0: Launching mavenrun-2da76a69-b320-4215-abc0-b96ba866cdc7] INFO  o.eclipse.m2e.core.internal.Bundles - 	Entry: C:\Users\sahan\.p2\pool\plugins\org.eclipse.m2e.maven.runtime_3.9.900.20240824-1409\jars\maven-model-3.9.9.jar
2025-03-02 05:05:30,109 [Worker-0: Launching mavenrun-2da76a69-b320-4215-abc0-b96ba866cdc7] INFO  o.eclipse.m2e.core.internal.Bundles - 	Entry: C:\Users\sahan\.p2\pool\plugins\org.eclipse.m2e.maven.runtime_3.9.900.20240824-1409\jars\maven-model-builder-3.9.9.jar
2025-03-02 05:05:30,109 [Worker-0: Launching mavenrun-2da76a69-b320-4215-abc0-b96ba866cdc7] INFO  o.eclipse.m2e.core.internal.Bundles - 	Entry: C:\Users\sahan\.p2\pool\plugins\org.eclipse.m2e.maven.runtime_3.9.900.20240824-1409\jars\maven-plugin-api-3.9.9.jar
2025-03-02 05:05:30,110 [Worker-0: Launching mavenrun-2da76a69-b320-4215-abc0-b96ba866cdc7] INFO  o.eclipse.m2e.core.internal.Bundles - 	Entry: C:\Users\sahan\.p2\pool\plugins\org.eclipse.m2e.maven.runtime_3.9.900.20240824-1409\jars\maven-repository-metadata-3.9.9.jar
2025-03-02 05:05:30,110 [Worker-0: Launching mavenrun-2da76a69-b320-4215-abc0-b96ba866cdc7] INFO  o.eclipse.m2e.core.internal.Bundles - 	Entry: C:\Users\sahan\.p2\pool\plugins\org.eclipse.m2e.maven.runtime_3.9.900.20240824-1409\jars\maven-resolver-api-1.9.22.jar
2025-03-02 05:05:30,111 [Worker-0: Launching mavenrun-2da76a69-b320-4215-abc0-b96ba866cdc7] INFO  o.eclipse.m2e.core.internal.Bundles - 	Entry: C:\Users\sahan\.p2\pool\plugins\org.eclipse.m2e.maven.runtime_3.9.900.20240824-1409\jars\maven-resolver-connector-basic-1.9.22.jar
2025-03-02 05:05:30,111 [Worker-0: Launching mavenrun-2da76a69-b320-4215-abc0-b96ba866cdc7] INFO  o.eclipse.m2e.core.internal.Bundles - 	Entry: C:\Users\sahan\.p2\pool\plugins\org.eclipse.m2e.maven.runtime_3.9.900.20240824-1409\jars\maven-resolver-impl-1.9.22.jar
2025-03-02 05:05:30,111 [Worker-0: Launching mavenrun-2da76a69-b320-4215-abc0-b96ba866cdc7] INFO  o.eclipse.m2e.core.internal.Bundles - 	Entry: C:\Users\sahan\.p2\pool\plugins\org.eclipse.m2e.maven.runtime_3.9.900.20240824-1409\jars\maven-resolver-named-locks-1.9.22.jar
2025-03-02 05:05:30,112 [Worker-0: Launching mavenrun-2da76a69-b320-4215-abc0-b96ba866cdc7] INFO  o.eclipse.m2e.core.internal.Bundles - 	Entry: C:\Users\sahan\.p2\pool\plugins\org.eclipse.m2e.maven.runtime_3.9.900.20240824-1409\jars\maven-resolver-provider-3.9.9.jar
2025-03-02 05:05:30,112 [Worker-0: Launching mavenrun-2da76a69-b320-4215-abc0-b96ba866cdc7] INFO  o.eclipse.m2e.core.internal.Bundles - 	Entry: C:\Users\sahan\.p2\pool\plugins\org.eclipse.m2e.maven.runtime_3.9.900.20240824-1409\jars\maven-resolver-spi-1.9.22.jar
2025-03-02 05:05:30,113 [Worker-0: Launching mavenrun-2da76a69-b320-4215-abc0-b96ba866cdc7] INFO  o.eclipse.m2e.core.internal.Bundles - 	Entry: C:\Users\sahan\.p2\pool\plugins\org.eclipse.m2e.maven.runtime_3.9.900.20240824-1409\jars\maven-resolver-transport-file-1.9.22.jar
2025-03-02 05:05:30,113 [Worker-0: Launching mavenrun-2da76a69-b320-4215-abc0-b96ba866cdc7] INFO  o.eclipse.m2e.core.internal.Bundles - 	Entry: C:\Users\sahan\.p2\pool\plugins\org.eclipse.m2e.maven.runtime_3.9.900.20240824-1409\jars\maven-resolver-transport-http-1.9.22.jar
2025-03-02 05:05:30,113 [Worker-0: Launching mavenrun-2da76a69-b320-4215-abc0-b96ba866cdc7] INFO  o.eclipse.m2e.core.internal.Bundles - 	Entry: C:\Users\sahan\.p2\pool\plugins\org.eclipse.m2e.maven.runtime_3.9.900.20240824-1409\jars\maven-resolver-transport-wagon-1.9.22.jar
2025-03-02 05:05:30,113 [Worker-0: Launching mavenrun-2da76a69-b320-4215-abc0-b96ba866cdc7] INFO  o.eclipse.m2e.core.internal.Bundles - 	Entry: C:\Users\sahan\.p2\pool\plugins\org.eclipse.m2e.maven.runtime_3.9.900.20240824-1409\jars\maven-resolver-util-1.9.22.jar
2025-03-02 05:05:30,114 [Worker-0: Launching mavenrun-2da76a69-b320-4215-abc0-b96ba866cdc7] INFO  o.eclipse.m2e.core.internal.Bundles - 	Entry: C:\Users\sahan\.p2\pool\plugins\org.eclipse.m2e.maven.runtime_3.9.900.20240824-1409\jars\maven-settings-3.9.9.jar
2025-03-02 05:05:30,114 [Worker-0: Launching mavenrun-2da76a69-b320-4215-abc0-b96ba866cdc7] INFO  o.eclipse.m2e.core.internal.Bundles - 	Entry: C:\Users\sahan\.p2\pool\plugins\org.eclipse.m2e.maven.runtime_3.9.900.20240824-1409\jars\maven-settings-builder-3.9.9.jar
2025-03-02 05:05:30,114 [Worker-0: Launching mavenrun-2da76a69-b320-4215-abc0-b96ba866cdc7] INFO  o.eclipse.m2e.core.internal.Bundles - 	Entry: C:\Users\sahan\.p2\pool\plugins\org.eclipse.m2e.maven.runtime_3.9.900.20240824-1409\jars\maven-shared-utils-3.4.2.jar
2025-03-02 05:05:30,115 [Worker-0: Launching mavenrun-2da76a69-b320-4215-abc0-b96ba866cdc7] INFO  o.eclipse.m2e.core.internal.Bundles - 	Entry: C:\Users\sahan\.p2\pool\plugins\org.eclipse.m2e.maven.runtime_3.9.900.20240824-1409\jars\org.eclipse.sisu.inject-0.9.0.M3.jar
2025-03-02 05:05:30,115 [Worker-0: Launching mavenrun-2da76a69-b320-4215-abc0-b96ba866cdc7] INFO  o.eclipse.m2e.core.internal.Bundles - 	Entry: C:\Users\sahan\.p2\pool\plugins\org.eclipse.m2e.maven.runtime_3.9.900.20240824-1409\jars\org.eclipse.sisu.plexus-0.9.0.M3.jar
2025-03-02 05:05:30,115 [Worker-0: Launching mavenrun-2da76a69-b320-4215-abc0-b96ba866cdc7] INFO  o.eclipse.m2e.core.internal.Bundles - 	Entry: C:\Users\sahan\.p2\pool\plugins\org.eclipse.m2e.maven.runtime_3.9.900.20240824-1409\jars\plexus-build-api-0.0.7.jar
2025-03-02 05:05:30,116 [Worker-0: Launching mavenrun-2da76a69-b320-4215-abc0-b96ba866cdc7] INFO  o.eclipse.m2e.core.internal.Bundles - 	Entry: C:\Users\sahan\.p2\pool\plugins\org.eclipse.m2e.maven.runtime_3.9.900.20240824-1409\jars\plexus-build-api-1.2.0.jar
2025-03-02 05:05:30,116 [Worker-0: Launching mavenrun-2da76a69-b320-4215-abc0-b96ba866cdc7] INFO  o.eclipse.m2e.core.internal.Bundles - 	Entry: C:\Users\sahan\.p2\pool\plugins\org.eclipse.m2e.maven.runtime_3.9.900.20240824-1409\jars\plexus-cipher-2.0.jar
2025-03-02 05:05:30,116 [Worker-0: Launching mavenrun-2da76a69-b320-4215-abc0-b96ba866cdc7] INFO  o.eclipse.m2e.core.internal.Bundles - 	Entry: C:\Users\sahan\.p2\pool\plugins\org.eclipse.m2e.maven.runtime_3.9.900.20240824-1409\jars\plexus-classworlds-2.8.0.jar
2025-03-02 05:05:30,117 [Worker-0: Launching mavenrun-2da76a69-b320-4215-abc0-b96ba866cdc7] INFO  o.eclipse.m2e.core.internal.Bundles - 	Entry: C:\Users\sahan\.p2\pool\plugins\org.eclipse.m2e.maven.runtime_3.9.900.20240824-1409\jars\plexus-component-annotations-2.1.0.jar
2025-03-02 05:05:30,118 [Worker-0: Launching mavenrun-2da76a69-b320-4215-abc0-b96ba866cdc7] INFO  o.eclipse.m2e.core.internal.Bundles - 	Entry: C:\Users\sahan\.p2\pool\plugins\org.eclipse.m2e.maven.runtime_3.9.900.20240824-1409\jars\plexus-interpolation-1.27.jar
2025-03-02 05:05:30,119 [Worker-0: Launching mavenrun-2da76a69-b320-4215-abc0-b96ba866cdc7] INFO  o.eclipse.m2e.core.internal.Bundles - 	Entry: C:\Users\sahan\.p2\pool\plugins\org.eclipse.m2e.maven.runtime_3.9.900.20240824-1409\jars\plexus-sec-dispatcher-2.0.jar
2025-03-02 05:05:30,119 [Worker-0: Launching mavenrun-2da76a69-b320-4215-abc0-b96ba866cdc7] INFO  o.eclipse.m2e.core.internal.Bundles - 	Entry: C:\Users\sahan\.p2\pool\plugins\org.eclipse.m2e.maven.runtime_3.9.900.20240824-1409\jars\plexus-utils-3.5.1.jar
2025-03-02 05:05:30,120 [Worker-0: Launching mavenrun-2da76a69-b320-4215-abc0-b96ba866cdc7] INFO  o.eclipse.m2e.core.internal.Bundles - 	Entry: C:\Users\sahan\.p2\pool\plugins\org.eclipse.m2e.maven.runtime_3.9.900.20240824-1409\jars\plexus-xml-3.0.1.jar
2025-03-02 05:05:30,120 [Worker-0: Launching mavenrun-2da76a69-b320-4215-abc0-b96ba866cdc7] INFO  o.eclipse.m2e.core.internal.Bundles - 	Entry: C:\Users\sahan\.p2\pool\plugins\org.eclipse.m2e.maven.runtime_3.9.900.20240824-1409\jars\wagon-file-3.5.3.jar
2025-03-02 05:05:30,120 [Worker-0: Launching mavenrun-2da76a69-b320-4215-abc0-b96ba866cdc7] INFO  o.eclipse.m2e.core.internal.Bundles - 	Entry: C:\Users\sahan\.p2\pool\plugins\org.eclipse.m2e.maven.runtime_3.9.900.20240824-1409\jars\wagon-http-3.5.3.jar
2025-03-02 05:05:30,121 [Worker-0: Launching mavenrun-2da76a69-b320-4215-abc0-b96ba866cdc7] INFO  o.eclipse.m2e.core.internal.Bundles - 	Entry: C:\Users\sahan\.p2\pool\plugins\org.eclipse.m2e.maven.runtime_3.9.900.20240824-1409\jars\wagon-http-shared-3.5.3.jar
2025-03-02 05:05:30,121 [Worker-0: Launching mavenrun-2da76a69-b320-4215-abc0-b96ba866cdc7] INFO  o.eclipse.m2e.core.internal.Bundles - 	Entry: C:\Users\sahan\.p2\pool\plugins\org.eclipse.m2e.maven.runtime_3.9.900.20240824-1409\jars\wagon-provider-api-3.5.3.jar
2025-03-02 05:05:30,123 [Worker-0: Launching mavenrun-2da76a69-b320-4215-abc0-b96ba866cdc7] INFO  o.eclipse.m2e.core.internal.Bundles - getClasspathEntries(Bundle=com.google.guava_33.3.1.jre [10])
2025-03-02 05:05:30,124 [Worker-0: Launching mavenrun-2da76a69-b320-4215-abc0-b96ba866cdc7] INFO  o.eclipse.m2e.core.internal.Bundles - 	Entry: C:\Users\sahan\.p2\pool\plugins\com.google.guava_33.3.1.jre.jar
2025-03-02 05:05:30,124 [Worker-0: Launching mavenrun-2da76a69-b320-4215-abc0-b96ba866cdc7] INFO  o.eclipse.m2e.core.internal.Bundles - getClasspathEntries(Bundle=slf4j.api_2.0.16 [522])
2025-03-02 05:05:30,124 [Worker-0: Launching mavenrun-2da76a69-b320-4215-abc0-b96ba866cdc7] INFO  o.eclipse.m2e.core.internal.Bundles - 	Entry: C:\Users\sahan\.p2\pool\plugins\slf4j.api_2.0.16.jar
2025-03-02 05:05:30,124 [Worker-0: Launching mavenrun-2da76a69-b320-4215-abc0-b96ba866cdc7] INFO  o.eclipse.m2e.core.internal.Bundles - getClasspathEntries(Bundle=jakarta.inject.jakarta.inject-api_1.0.5 [22])
2025-03-02 05:05:30,125 [Worker-0: Launching mavenrun-2da76a69-b320-4215-abc0-b96ba866cdc7] INFO  o.eclipse.m2e.core.internal.Bundles - 	Entry: C:\Users\sahan\.p2\pool\plugins\jakarta.inject.jakarta.inject-api_1.0.5.jar
2025-03-02 05:05:30,125 [Worker-0: Launching mavenrun-2da76a69-b320-4215-abc0-b96ba866cdc7] INFO  o.eclipse.m2e.core.internal.Bundles - getClasspathEntries(Bundle=jakarta.annotation-api_1.3.5 [20])
2025-03-02 05:05:30,126 [Worker-0: Launching mavenrun-2da76a69-b320-4215-abc0-b96ba866cdc7] INFO  o.eclipse.m2e.core.internal.Bundles - 	Entry: C:\Users\sahan\.p2\pool\plugins\jakarta.annotation-api_1.3.5.jar
2025-03-02 05:05:30,126 [Worker-0: Launching mavenrun-2da76a69-b320-4215-abc0-b96ba866cdc7] INFO  o.eclipse.m2e.core.internal.Bundles - getClasspathEntries(Bundle=org.apache.commons.cli_1.9.0 [47])
2025-03-02 05:05:30,127 [Worker-0: Launching mavenrun-2da76a69-b320-4215-abc0-b96ba866cdc7] INFO  o.eclipse.m2e.core.internal.Bundles - 	Entry: C:\Users\sahan\.p2\pool\plugins\org.apache.commons.cli_1.9.0.jar
2025-03-02 05:05:30,127 [Worker-0: Launching mavenrun-2da76a69-b320-4215-abc0-b96ba866cdc7] INFO  o.eclipse.m2e.core.internal.Bundles - getClasspathEntries(Bundle=org.apache.commons.commons-codec_1.16.0 [50])
2025-03-02 05:05:30,127 [Worker-0: Launching mavenrun-2da76a69-b320-4215-abc0-b96ba866cdc7] INFO  o.eclipse.m2e.core.internal.Bundles - 	Entry: C:\Users\sahan\.p2\pool\plugins\org.apache.commons.commons-codec_1.16.0.jar
2025-03-02 05:05:30,128 [Worker-0: Launching mavenrun-2da76a69-b320-4215-abc0-b96ba866cdc7] INFO  o.eclipse.m2e.core.internal.Bundles - getClasspathEntries(Bundle=com.google.guava.failureaccess_1.0.2 [11])
2025-03-02 05:05:30,128 [Worker-0: Launching mavenrun-2da76a69-b320-4215-abc0-b96ba866cdc7] INFO  o.eclipse.m2e.core.internal.Bundles - 	Entry: C:\Users\sahan\.p2\pool\plugins\com.google.guava.failureaccess_1.0.2.jar
2025-03-02 05:05:30,137 [Worker-0: Launching mavenrun-2da76a69-b320-4215-abc0-b96ba866cdc7] INFO  o.e.m.i.launch.MavenLaunchDelegate - Run build in "C:\Users\sahan\AppData\Local\Temp\m2e-archetypeGenerator12115393001746420685":
2025-03-02 05:05:30,145 [Worker-0: Launching mavenrun-2da76a69-b320-4215-abc0-b96ba866cdc7] INFO  o.e.m.i.launch.MavenLaunchDelegate -  mvn  -DarchetypeGroupId=org.apache.maven.archetypes -DarchetypeArtifactId=maven-archetype-quickstart -DarchetypeVersion=1.1 -DgroupId=demoblaze -DartifactId=demoblaze -Dversion=0.0.1-SNAPSHOT -Dpackage=demoblaze.demoblaze -DoutputDirectory=D:\Hackerthon -Dstyle.color=always -U archetype:generate
2025-03-02 05:05:44,136 [Worker-13: Creating maven-archetype-quickstart] INFO  o.e.m.c.i.p.ProjectConfigurationManager - Collecting project info '/pom.xml' D:\Hackerthon\demoblaze\pom.xml
2025-03-02 05:05:45,310 [Worker-13: Creating maven-archetype-quickstart] INFO  o.e.m.c.i.l.LifecycleMappingFactory - Using org.eclipse.m2e.jdt.JarLifecycleMapping lifecycle mapping for MavenProject: demoblaze:demoblaze:0.0.1-SNAPSHOT @ D:\Hackerthon\demoblaze\pom.xml.
2025-03-02 05:05:46,609 [Worker-13: Creating maven-archetype-quickstart] INFO  o.e.m.j.i.AbstractJavaProjectConfigurator - Adding source folder /demoblaze/src/main/java
2025-03-02 05:05:46,613 [Worker-13: Creating maven-archetype-quickstart] INFO  o.e.m.j.i.AbstractJavaProjectConfigurator - Adding resource folder /demoblaze/src/main/resources
2025-03-02 05:05:46,618 [Worker-13: Creating maven-archetype-quickstart] INFO  o.e.m.j.i.AbstractJavaProjectConfigurator - Adding source folder /demoblaze/src/test/java
2025-03-02 05:05:46,619 [Worker-13: Creating maven-archetype-quickstart] INFO  o.e.m.j.i.AbstractJavaProjectConfigurator - Adding resource folder /demoblaze/src/test/resources
2025-03-02 05:05:46,791 [Worker-13: Creating maven-archetype-quickstart] INFO  o.e.m.c.i.p.ProjectConfigurationManager - Imported and configured 1 project(s) in 2 sec
2025-03-02 05:05:48,455 [Worker-25: Building] INFO  o.a.m.s.f.DefaultMavenResourcesFiltering - skip non existing resourceDirectory D:\Hackerthon\demoblaze\src\main\resources
2025-03-02 05:05:48,463 [Worker-25: Building] INFO  o.a.m.s.f.DefaultMavenResourcesFiltering - skip non existing resourceDirectory D:\Hackerthon\demoblaze\src\test\resources
2025-03-02 05:06:56,540 [Worker-11: Building] INFO  o.e.m.c.i.l.LifecycleMappingFactory - Using org.eclipse.m2e.jdt.JarLifecycleMapping lifecycle mapping for MavenProject: demoblaze:demoblaze:0.0.1-SNAPSHOT @ D:\Hackerthon\demoblaze\pom.xml.
2025-03-02 05:06:57,783 [Worker-11: Building] INFO  o.a.m.s.f.DefaultMavenResourcesFiltering - skip non existing resourceDirectory D:\Hackerthon\demoblaze\src\main\resources
2025-03-02 05:06:57,798 [Worker-11: Building] INFO  o.a.m.s.f.DefaultMavenResourcesFiltering - skip non existing resourceDirectory D:\Hackerthon\demoblaze\src\test\resources
2025-03-02 05:06:59,509 [Worker-11: Building] INFO  o.a.m.s.f.DefaultMavenResourcesFiltering - skip non existing resourceDirectory D:\Hackerthon\demoblaze\src\main\resources
2025-03-02 05:06:59,512 [Worker-11: Building] INFO  o.a.m.s.f.DefaultMavenResourcesFiltering - skip non existing resourceDirectory D:\Hackerthon\demoblaze\src\test\resources
2025-03-02 05:07:21,551 [Worker-0: Building] INFO  o.a.m.s.f.DefaultMavenResourcesFiltering - skip non existing resourceDirectory D:\Hackerthon\demoblaze\src\main\resources
2025-03-02 05:07:21,554 [Worker-0: Building] INFO  o.a.m.s.f.DefaultMavenResourcesFiltering - skip non existing resourceDirectory D:\Hackerthon\demoblaze\src\test\resources
2025-03-02 05:07:26,213 [Worker-13: Building] INFO  o.a.m.s.f.DefaultMavenResourcesFiltering - skip non existing resourceDirectory D:\Hackerthon\demoblaze\src\main\resources
2025-03-02 05:07:26,218 [Worker-13: Building] INFO  o.a.m.s.f.DefaultMavenResourcesFiltering - skip non existing resourceDirectory D:\Hackerthon\demoblaze\src\test\resources
2025-03-02 05:10:25,668 [Worker-6: Building] INFO  o.a.m.s.f.DefaultMavenResourcesFiltering - skip non existing resourceDirectory D:\Hackerthon\demoblaze\src\main\resources
2025-03-02 05:10:25,671 [Worker-6: Building] INFO  o.a.m.s.f.DefaultMavenResourcesFiltering - skip non existing resourceDirectory D:\Hackerthon\demoblaze\src\test\resources
2025-03-02 05:11:07,225 [Worker-6: Building] INFO  o.a.m.s.f.DefaultMavenResourcesFiltering - skip non existing resourceDirectory D:\Hackerthon\demoblaze\src\main\resources
2025-03-02 05:11:07,228 [Worker-6: Building] INFO  o.a.m.s.f.DefaultMavenResourcesFiltering - skip non existing resourceDirectory D:\Hackerthon\demoblaze\src\test\resources
2025-03-02 05:11:33,904 [Worker-23: Building] INFO  o.a.m.s.f.DefaultMavenResourcesFiltering - skip non existing resourceDirectory D:\Hackerthon\demoblaze\src\main\resources
2025-03-02 05:11:33,907 [Worker-23: Building] INFO  o.a.m.s.f.DefaultMavenResourcesFiltering - skip non existing resourceDirectory D:\Hackerthon\demoblaze\src\test\resources
2025-03-02 05:11:49,749 [Worker-17: Building] INFO  o.a.m.s.f.DefaultMavenResourcesFiltering - skip non existing resourceDirectory D:\Hackerthon\demoblaze\src\main\resources
2025-03-02 05:11:49,753 [Worker-17: Building] INFO  o.a.m.s.f.DefaultMavenResourcesFiltering - skip non existing resourceDirectory D:\Hackerthon\demoblaze\src\test\resources
2025-03-02 05:12:33,537 [Worker-11: Building] INFO  o.a.m.s.f.DefaultMavenResourcesFiltering - skip non existing resourceDirectory D:\Hackerthon\demoblaze\src\main\resources
2025-03-02 05:12:33,539 [Worker-11: Building] INFO  o.a.m.s.f.DefaultMavenResourcesFiltering - skip non existing resourceDirectory D:\Hackerthon\demoblaze\src\test\resources
2025-03-02 05:12:47,922 [Worker-25: Building] INFO  o.a.m.s.f.DefaultMavenResourcesFiltering - skip non existing resourceDirectory D:\Hackerthon\demoblaze\src\main\resources
2025-03-02 05:12:47,931 [Worker-25: Building] INFO  o.a.m.s.f.DefaultMavenResourcesFiltering - skip non existing resourceDirectory D:\Hackerthon\demoblaze\src\test\resources
2025-03-02 05:13:06,559 [Worker-23: Building] INFO  o.a.m.s.f.DefaultMavenResourcesFiltering - skip non existing resourceDirectory D:\Hackerthon\demoblaze\src\main\resources
2025-03-02 05:13:06,562 [Worker-23: Building] INFO  o.a.m.s.f.DefaultMavenResourcesFiltering - skip non existing resourceDirectory D:\Hackerthon\demoblaze\src\test\resources
2025-03-02 05:13:29,191 [Worker-6: Building] INFO  o.a.m.s.f.DefaultMavenResourcesFiltering - skip non existing resourceDirectory D:\Hackerthon\demoblaze\src\main\resources
2025-03-02 05:13:29,192 [Worker-6: Building] INFO  o.a.m.s.f.DefaultMavenResourcesFiltering - skip non existing resourceDirectory D:\Hackerthon\demoblaze\src\test\resources
2025-03-02 05:15:45,232 [Worker-6: Building] INFO  o.a.m.s.f.DefaultMavenResourcesFiltering - skip non existing resourceDirectory D:\Hackerthon\demoblaze\src\main\resources
2025-03-02 05:15:45,252 [Worker-6: Building] INFO  o.a.m.s.f.DefaultMavenResourcesFiltering - Copying 1 resource from src\test\resources to target\test-classes
2025-03-02 05:18:17,418 [Worker-23: Building] INFO  o.a.m.s.f.DefaultMavenResourcesFiltering - skip non existing resourceDirectory D:\Hackerthon\demoblaze\src\main\resources
2025-03-02 05:18:17,420 [Worker-23: Building] INFO  o.a.m.s.f.DefaultMavenResourcesFiltering - Copying 1 resource from src\test\resources to target\test-classes
2025-03-02 05:21:09,157 [Worker-6: Building] INFO  o.a.m.s.f.DefaultMavenResourcesFiltering - skip non existing resourceDirectory D:\Hackerthon\demoblaze\src\main\resources
2025-03-02 05:21:09,160 [Worker-6: Building] INFO  o.a.m.s.f.DefaultMavenResourcesFiltering - Copying 0 resource from src\test\resources to target\test-classes
2025-03-02 05:21:37,716 [Worker-6: Building] INFO  o.a.m.s.f.DefaultMavenResourcesFiltering - skip non existing resourceDirectory D:\Hackerthon\demoblaze\src\main\resources
2025-03-02 05:21:37,718 [Worker-6: Building] INFO  o.a.m.s.f.DefaultMavenResourcesFiltering - Copying 0 resource from src\test\resources to target\test-classes
2025-03-02 05:23:08,594 [Worker-0: Building] INFO  o.a.m.s.f.DefaultMavenResourcesFiltering - skip non existing resourceDirectory D:\Hackerthon\demoblaze\src\main\resources
2025-03-02 05:23:08,594 [Worker-0: Building] INFO  o.a.m.s.f.DefaultMavenResourcesFiltering - Copying 0 resource from src\test\resources to target\test-classes
2025-03-02 05:26:34,747 [Worker-27: Building] INFO  o.a.m.s.f.DefaultMavenResourcesFiltering - skip non existing resourceDirectory D:\Hackerthon\demoblaze\src\main\resources
2025-03-02 05:26:34,749 [Worker-27: Building] INFO  o.a.m.s.f.DefaultMavenResourcesFiltering - Copying 0 resource from src\test\resources to target\test-classes
2025-03-02 05:27:50,983 [Worker-13: Building] INFO  o.a.m.s.f.DefaultMavenResourcesFiltering - skip non existing resourceDirectory D:\Hackerthon\demoblaze\src\main\resources
2025-03-02 05:27:50,985 [Worker-13: Building] INFO  o.a.m.s.f.DefaultMavenResourcesFiltering - Copying 0 resource from src\test\resources to target\test-classes
2025-03-02 05:28:04,022 [Worker-6: Building] INFO  o.a.m.s.f.DefaultMavenResourcesFiltering - skip non existing resourceDirectory D:\Hackerthon\demoblaze\src\main\resources
2025-03-02 05:28:04,027 [Worker-6: Building] INFO  o.a.m.s.f.DefaultMavenResourcesFiltering - Copying 1 resource from src\test\resources to target\test-classes
2025-03-02 05:29:12,155 [Worker-27: Building] INFO  o.a.m.s.f.DefaultMavenResourcesFiltering - skip non existing resourceDirectory D:\Hackerthon\demoblaze\src\main\resources
2025-03-02 05:29:12,158 [Worker-27: Building] INFO  o.a.m.s.f.DefaultMavenResourcesFiltering - Copying 0 resource from src\test\resources to target\test-classes
2025-03-02 05:29:52,998 [Worker-17: Building] INFO  o.a.m.s.f.DefaultMavenResourcesFiltering - skip non existing resourceDirectory D:\Hackerthon\demoblaze\src\main\resources
2025-03-02 05:29:53,001 [Worker-17: Building] INFO  o.a.m.s.f.DefaultMavenResourcesFiltering - Copying 0 resource from src\test\resources to target\test-classes
2025-03-02 05:30:05,453 [Worker-17: Building] INFO  o.a.m.s.f.DefaultMavenResourcesFiltering - skip non existing resourceDirectory D:\Hackerthon\demoblaze\src\main\resources
2025-03-02 05:30:05,455 [Worker-17: Building] INFO  o.a.m.s.f.DefaultMavenResourcesFiltering - Copying 0 resource from src\test\resources to target\test-classes
2025-03-02 05:31:14,386 [main] INFO  o.e.m.jdt.internal.UnitTestSupport - Updating Login.LoggingInWithValidDetails from maven configuration
2025-03-02 05:31:15,378 [main] INFO  o.e.m.c.i.e.AbstractTransferListenerAdapter - Downloading https://repo.maven.apache.org/maven2/org/apache/maven/surefire/maven-surefire-common/3.2.5/maven-surefire-common-3.2.5.jar
2025-03-02 05:31:15,577 [main] INFO  o.e.m.c.i.e.AbstractTransferListenerAdapter - Downloaded https://repo.maven.apache.org/maven2/org/apache/maven/surefire/maven-surefire-common/3.2.5/maven-surefire-common-3.2.5.jar
2025-03-02 05:31:15,643 [BasicRepositoryConnector-repo.maven.apache.org-0-0] INFO  o.e.m.c.i.e.AbstractTransferListenerAdapter - Downloading https://repo.maven.apache.org/maven2/org/apache/maven/surefire/surefire-api/3.2.5/surefire-api-3.2.5.jar
2025-03-02 05:31:15,666 [BasicRepositoryConnector-repo.maven.apache.org-0-0] INFO  o.e.m.c.i.e.AbstractTransferListenerAdapter - Downloaded https://repo.maven.apache.org/maven2/org/apache/maven/surefire/surefire-api/3.2.5/surefire-api-3.2.5.jar
2025-03-02 05:31:15,723 [BasicRepositoryConnector-repo.maven.apache.org-0-0] INFO  o.e.m.c.i.e.AbstractTransferListenerAdapter - Downloading https://repo.maven.apache.org/maven2/org/eclipse/aether/aether-util/1.0.0.v20140518/aether-util-1.0.0.v20140518.jar
2025-03-02 05:31:15,752 [BasicRepositoryConnector-repo.maven.apache.org-0-0] INFO  o.e.m.c.i.e.AbstractTransferListenerAdapter - Downloaded https://repo.maven.apache.org/maven2/org/eclipse/aether/aether-util/1.0.0.v20140518/aether-util-1.0.0.v20140518.jar
2025-03-02 05:31:15,776 [BasicRepositoryConnector-repo.maven.apache.org-0-1] INFO  o.e.m.c.i.e.AbstractTransferListenerAdapter - Downloading https://repo.maven.apache.org/maven2/org/apache/maven/surefire/surefire-logger-api/3.2.5/surefire-logger-api-3.2.5.jar
2025-03-02 05:31:15,783 [BasicRepositoryConnector-repo.maven.apache.org-0-2] INFO  o.e.m.c.i.e.AbstractTransferListenerAdapter - Downloading https://repo.maven.apache.org/maven2/org/apache/maven/surefire/surefire-extensions-api/3.2.5/surefire-extensions-api-3.2.5.jar
2025-03-02 05:31:15,784 [BasicRepositoryConnector-repo.maven.apache.org-0-1] INFO  o.e.m.c.i.e.AbstractTransferListenerAdapter - Downloaded https://repo.maven.apache.org/maven2/org/apache/maven/surefire/surefire-logger-api/3.2.5/surefire-logger-api-3.2.5.jar
2025-03-02 05:31:15,785 [BasicRepositoryConnector-repo.maven.apache.org-0-4] INFO  o.e.m.c.i.e.AbstractTransferListenerAdapter - Downloading https://repo.maven.apache.org/maven2/org/apache/maven/surefire/surefire-extensions-spi/3.2.5/surefire-extensions-spi-3.2.5.jar
2025-03-02 05:31:15,792 [BasicRepositoryConnector-repo.maven.apache.org-0-4] INFO  o.e.m.c.i.e.AbstractTransferListenerAdapter - Downloaded https://repo.maven.apache.org/maven2/org/apache/maven/surefire/surefire-extensions-spi/3.2.5/surefire-extensions-spi-3.2.5.jar
2025-03-02 05:31:15,793 [BasicRepositoryConnector-repo.maven.apache.org-0-3] INFO  o.e.m.c.i.e.AbstractTransferListenerAdapter - Downloading https://repo.maven.apache.org/maven2/org/apache/maven/surefire/surefire-booter/3.2.5/surefire-booter-3.2.5.jar
2025-03-02 05:31:15,804 [BasicRepositoryConnector-repo.maven.apache.org-0-2] INFO  o.e.m.c.i.e.AbstractTransferListenerAdapter - Downloaded https://repo.maven.apache.org/maven2/org/apache/maven/surefire/surefire-extensions-api/3.2.5/surefire-extensions-api-3.2.5.jar
2025-03-02 05:31:15,812 [BasicRepositoryConnector-repo.maven.apache.org-0-0] INFO  o.e.m.c.i.e.AbstractTransferListenerAdapter - Downloading https://repo.maven.apache.org/maven2/org/eclipse/aether/aether-api/1.0.0.v20140518/aether-api-1.0.0.v20140518.jar
2025-03-02 05:31:15,841 [BasicRepositoryConnector-repo.maven.apache.org-0-0] INFO  o.e.m.c.i.e.AbstractTransferListenerAdapter - Downloaded https://repo.maven.apache.org/maven2/org/eclipse/aether/aether-api/1.0.0.v20140518/aether-api-1.0.0.v20140518.jar
2025-03-02 05:31:15,856 [BasicRepositoryConnector-repo.maven.apache.org-0-1] INFO  o.e.m.c.i.e.AbstractTransferListenerAdapter - Downloading https://repo.maven.apache.org/maven2/org/apache/maven/shared/maven-common-artifact-filters/3.1.1/maven-common-artifact-filters-3.1.1.jar
2025-03-02 05:31:15,857 [BasicRepositoryConnector-repo.maven.apache.org-0-4] INFO  o.e.m.c.i.e.AbstractTransferListenerAdapter - Downloading https://repo.maven.apache.org/maven2/commons-io/commons-io/2.15.1/commons-io-2.15.1.jar
2025-03-02 05:31:15,868 [BasicRepositoryConnector-repo.maven.apache.org-0-2] INFO  o.e.m.c.i.e.AbstractTransferListenerAdapter - Downloading https://repo.maven.apache.org/maven2/org/apache/maven/surefire/surefire-shared-utils/3.2.5/surefire-shared-utils-3.2.5.jar
2025-03-02 05:31:15,924 [BasicRepositoryConnector-repo.maven.apache.org-0-3] INFO  o.e.m.c.i.e.AbstractTransferListenerAdapter - Downloaded https://repo.maven.apache.org/maven2/org/apache/maven/surefire/surefire-booter/3.2.5/surefire-booter-3.2.5.jar
2025-03-02 05:31:15,939 [BasicRepositoryConnector-repo.maven.apache.org-0-1] INFO  o.e.m.c.i.e.AbstractTransferListenerAdapter - Downloaded https://repo.maven.apache.org/maven2/org/apache/maven/shared/maven-common-artifact-filters/3.1.1/maven-common-artifact-filters-3.1.1.jar
2025-03-02 05:31:16,103 [BasicRepositoryConnector-repo.maven.apache.org-0-4] INFO  o.e.m.c.i.e.AbstractTransferListenerAdapter - Downloaded https://repo.maven.apache.org/maven2/commons-io/commons-io/2.15.1/commons-io-2.15.1.jar
2025-03-02 05:31:17,104 [BasicRepositoryConnector-repo.maven.apache.org-0-2] INFO  o.e.m.c.i.e.AbstractTransferListenerAdapter - Downloaded https://repo.maven.apache.org/maven2/org/apache/maven/surefire/surefire-shared-utils/3.2.5/surefire-shared-utils-3.2.5.jar
2025-03-02 05:31:20,637 [Worker-13: Launching Login.LoggingInWithValidDetails] INFO  o.a.m.s.f.DefaultMavenResourcesFiltering - skip non existing resourceDirectory D:\Hackerthon\demoblaze\src\main\resources
2025-03-02 05:31:20,641 [Worker-13: Launching Login.LoggingInWithValidDetails] INFO  o.a.m.s.f.DefaultMavenResourcesFiltering - Copying 1 resource from src\test\resources to target\test-classes
2025-03-02 05:32:34,813 [Worker-28: Building] INFO  o.e.m.c.i.l.LifecycleMappingFactory - Using org.eclipse.m2e.jdt.JarLifecycleMapping lifecycle mapping for MavenProject: demoblaze:demoblaze:0.0.1-SNAPSHOT @ D:\Hackerthon\demoblaze\pom.xml.
2025-03-02 05:32:35,917 [Worker-28: Building] INFO  o.a.m.s.f.DefaultMavenResourcesFiltering - skip non existing resourceDirectory D:\Hackerthon\demoblaze\src\main\resources
2025-03-02 05:32:35,929 [Worker-28: Building] INFO  o.a.m.s.f.DefaultMavenResourcesFiltering - Copying 0 resource from src\test\resources to target\test-classes
2025-03-02 05:32:38,048 [Worker-6: Building] INFO  o.a.m.s.f.DefaultMavenResourcesFiltering - skip non existing resourceDirectory D:\Hackerthon\demoblaze\src\main\resources
2025-03-02 05:32:38,054 [Worker-6: Building] INFO  o.a.m.s.f.DefaultMavenResourcesFiltering - Copying 1 resource from src\test\resources to target\test-classes
2025-03-02 05:32:43,394 [main] INFO  o.e.m.jdt.internal.UnitTestSupport - Updating Login from maven configuration
2025-03-02 05:33:59,068 [Worker-6: Building] INFO  o.a.m.s.f.DefaultMavenResourcesFiltering - skip non existing resourceDirectory D:\Hackerthon\demoblaze\src\main\resources
2025-03-02 05:33:59,072 [Worker-6: Building] INFO  o.a.m.s.f.DefaultMavenResourcesFiltering - Copying 1 resource from src\test\resources to target\test-classes
2025-03-02 05:34:03,775 [Worker-27: Building] INFO  o.a.m.s.f.DefaultMavenResourcesFiltering - skip non existing resourceDirectory D:\Hackerthon\demoblaze\src\main\resources
2025-03-02 05:34:03,777 [Worker-27: Building] INFO  o.a.m.s.f.DefaultMavenResourcesFiltering - Copying 0 resource from src\test\resources to target\test-classes
2025-03-02 05:37:02,252 [Worker-6: Building] INFO  o.a.m.s.f.DefaultMavenResourcesFiltering - skip non existing resourceDirectory D:\Hackerthon\demoblaze\src\main\resources
2025-03-02 05:37:02,254 [Worker-6: Building] INFO  o.a.m.s.f.DefaultMavenResourcesFiltering - Copying 0 resource from src\test\resources to target\test-classes
2025-03-02 05:39:29,372 [Worker-29: Building] INFO  o.a.m.s.f.DefaultMavenResourcesFiltering - skip non existing resourceDirectory D:\Hackerthon\demoblaze\src\main\resources
2025-03-02 05:39:29,375 [Worker-29: Building] INFO  o.a.m.s.f.DefaultMavenResourcesFiltering - Copying 1 resource from src\test\resources to target\test-classes
2025-03-02 05:45:50,454 [Worker-29: Launching Login.LoggingInWithValidDetails] INFO  o.a.m.s.f.DefaultMavenResourcesFiltering - skip non existing resourceDirectory D:\Hackerthon\demoblaze\src\main\resources
2025-03-02 05:45:50,456 [Worker-29: Launching Login.LoggingInWithValidDetails] INFO  o.a.m.s.f.DefaultMavenResourcesFiltering - Copying 1 resource from src\test\resources to target\test-classes
2025-03-02 05:47:00,083 [Worker-27: Building] INFO  o.a.m.s.f.DefaultMavenResourcesFiltering - skip non existing resourceDirectory D:\Hackerthon\demoblaze\src\main\resources
2025-03-02 05:47:00,085 [Worker-27: Building] INFO  o.a.m.s.f.DefaultMavenResourcesFiltering - Copying 0 resource from src\test\resources to target\test-classes
2025-03-02 05:57:58,830 [Worker-25: Building] INFO  o.a.m.s.f.DefaultMavenResourcesFiltering - skip non existing resourceDirectory D:\Hackerthon\demoblaze\src\main\resources
2025-03-02 05:57:58,834 [Worker-25: Building] INFO  o.a.m.s.f.DefaultMavenResourcesFiltering - Copying 1 resource from src\test\resources to target\test-classes
2025-03-02 05:58:34,837 [Worker-0: Building] INFO  o.a.m.s.f.DefaultMavenResourcesFiltering - skip non existing resourceDirectory D:\Hackerthon\demoblaze\src\main\resources
2025-03-02 05:58:34,839 [Worker-0: Building] INFO  o.a.m.s.f.DefaultMavenResourcesFiltering - Copying 1 resource from src\test\resources to target\test-classes
2025-03-02 05:58:58,534 [Worker-27: Building] INFO  o.a.m.s.f.DefaultMavenResourcesFiltering - skip non existing resourceDirectory D:\Hackerthon\demoblaze\src\main\resources
2025-03-02 05:58:58,536 [Worker-27: Building] INFO  o.a.m.s.f.DefaultMavenResourcesFiltering - Copying 0 resource from src\test\resources to target\test-classes
2025-03-02 06:02:11,750 [Worker-27: Building] INFO  o.a.m.s.f.DefaultMavenResourcesFiltering - skip non existing resourceDirectory D:\Hackerthon\demoblaze\src\main\resources
2025-03-02 06:02:11,752 [Worker-27: Building] INFO  o.a.m.s.f.DefaultMavenResourcesFiltering - Copying 1 resource from src\test\resources to target\test-classes
2025-03-02 06:03:17,419 [main] INFO  o.e.m.jdt.internal.UnitTestSupport - Updating Login.LoginWithValidDetails from maven configuration
2025-03-02 06:03:17,557 [Worker-0: Launching Login.LoginWithValidDetails] INFO  o.a.m.s.f.DefaultMavenResourcesFiltering - skip non existing resourceDirectory D:\Hackerthon\demoblaze\src\main\resources
2025-03-02 06:03:17,559 [Worker-0: Launching Login.LoginWithValidDetails] INFO  o.a.m.s.f.DefaultMavenResourcesFiltering - Copying 1 resource from src\test\resources to target\test-classes
2025-03-02 06:04:26,169 [Worker-27: Building] INFO  o.a.m.s.f.DefaultMavenResourcesFiltering - skip non existing resourceDirectory D:\Hackerthon\demoblaze\src\main\resources
2025-03-02 06:04:26,179 [Worker-27: Building] INFO  o.a.m.s.f.DefaultMavenResourcesFiltering - Copying 1 resource from src\test\resources to target\test-classes
2025-03-02 06:04:42,540 [Worker-25: Building] INFO  o.a.m.s.f.DefaultMavenResourcesFiltering - skip non existing resourceDirectory D:\Hackerthon\demoblaze\src\main\resources
2025-03-02 06:04:42,542 [Worker-25: Building] INFO  o.a.m.s.f.DefaultMavenResourcesFiltering - Copying 1 resource from src\test\resources to target\test-classes
2025-03-02 06:06:42,904 [Worker-25: Building] INFO  o.a.m.s.f.DefaultMavenResourcesFiltering - skip non existing resourceDirectory D:\Hackerthon\demoblaze\src\main\resources
2025-03-02 06:06:42,906 [Worker-25: Building] INFO  o.a.m.s.f.DefaultMavenResourcesFiltering - Copying 1 resource from src\test\resources to target\test-classes
2025-03-02 06:13:54,833 [Worker-0: Building] INFO  o.a.m.s.f.DefaultMavenResourcesFiltering - skip non existing resourceDirectory D:\Hackerthon\demoblaze\src\main\resources
2025-03-02 06:13:54,835 [Worker-0: Building] INFO  o.a.m.s.f.DefaultMavenResourcesFiltering - Copying 0 resource from src\test\resources to target\test-classes
2025-03-02 06:14:19,846 [Worker-0: Building] INFO  o.a.m.s.f.DefaultMavenResourcesFiltering - skip non existing resourceDirectory D:\Hackerthon\demoblaze\src\main\resources
2025-03-02 06:14:19,848 [Worker-0: Building] INFO  o.a.m.s.f.DefaultMavenResourcesFiltering - Copying 1 resource from src\test\resources to target\test-classes
2025-03-02 06:18:49,956 [Worker-0: Building] INFO  o.a.m.s.f.DefaultMavenResourcesFiltering - skip non existing resourceDirectory D:\Hackerthon\demoblaze\src\main\resources
2025-03-02 06:18:49,959 [Worker-0: Building] INFO  o.a.m.s.f.DefaultMavenResourcesFiltering - Copying 0 resource from src\test\resources to target\test-classes
2025-03-02 06:20:00,049 [Worker-29: Building] INFO  o.a.m.s.f.DefaultMavenResourcesFiltering - skip non existing resourceDirectory D:\Hackerthon\demoblaze\src\main\resources
2025-03-02 06:20:00,050 [Worker-29: Building] INFO  o.a.m.s.f.DefaultMavenResourcesFiltering - Copying 1 resource from src\test\resources to target\test-classes
2025-03-02 06:21:01,568 [Worker-34: Building] INFO  o.a.m.s.f.DefaultMavenResourcesFiltering - skip non existing resourceDirectory D:\Hackerthon\demoblaze\src\main\resources
2025-03-02 06:21:01,570 [Worker-34: Building] INFO  o.a.m.s.f.DefaultMavenResourcesFiltering - Copying 0 resource from src\test\resources to target\test-classes
2025-03-02 06:25:53,750 [Worker-29: Building] INFO  o.a.m.s.f.DefaultMavenResourcesFiltering - skip non existing resourceDirectory D:\Hackerthon\demoblaze\src\main\resources
2025-03-02 06:25:53,753 [Worker-29: Building] INFO  o.a.m.s.f.DefaultMavenResourcesFiltering - Copying 0 resource from src\test\resources to target\test-classes
2025-03-02 06:26:14,637 [Worker-29: Building] INFO  o.a.m.s.f.DefaultMavenResourcesFiltering - skip non existing resourceDirectory D:\Hackerthon\demoblaze\src\main\resources
2025-03-02 06:26:14,639 [Worker-29: Building] INFO  o.a.m.s.f.DefaultMavenResourcesFiltering - Copying 1 resource from src\test\resources to target\test-classes
2025-03-02 06:27:01,907 [Worker-29: Building] INFO  o.a.m.s.f.DefaultMavenResourcesFiltering - skip non existing resourceDirectory D:\Hackerthon\demoblaze\src\main\resources
2025-03-02 06:27:01,909 [Worker-29: Building] INFO  o.a.m.s.f.DefaultMavenResourcesFiltering - Copying 1 resource from src\test\resources to target\test-classes
2025-03-02 06:27:19,529 [Worker-33: Building] INFO  o.a.m.s.f.DefaultMavenResourcesFiltering - skip non existing resourceDirectory D:\Hackerthon\demoblaze\src\main\resources
2025-03-02 06:27:19,531 [Worker-33: Building] INFO  o.a.m.s.f.DefaultMavenResourcesFiltering - Copying 1 resource from src\test\resources to target\test-classes
2025-03-02 06:28:33,522 [Worker-29: Launching Login.LoginWithValidDetails] INFO  o.a.m.s.f.DefaultMavenResourcesFiltering - skip non existing resourceDirectory D:\Hackerthon\demoblaze\src\main\resources
2025-03-02 06:28:33,526 [Worker-29: Launching Login.LoginWithValidDetails] INFO  o.a.m.s.f.DefaultMavenResourcesFiltering - Copying 1 resource from src\test\resources to target\test-classes
2025-03-02 06:34:03,863 [Worker-34: Launching Login.LoginWithValidDetails] INFO  o.a.m.s.f.DefaultMavenResourcesFiltering - skip non existing resourceDirectory D:\Hackerthon\demoblaze\src\main\resources
2025-03-02 06:34:03,865 [Worker-34: Launching Login.LoginWithValidDetails] INFO  o.a.m.s.f.DefaultMavenResourcesFiltering - Copying 1 resource from src\test\resources to target\test-classes
2025-03-02 06:37:30,254 [Worker-34: Building] INFO  o.a.m.s.f.DefaultMavenResourcesFiltering - skip non existing resourceDirectory D:\Hackerthon\demoblaze\src\main\resources
2025-03-02 06:37:30,258 [Worker-34: Building] INFO  o.a.m.s.f.DefaultMavenResourcesFiltering - Copying 0 resource from src\test\resources to target\test-classes
2025-03-02 06:38:38,349 [Worker-38: Building] INFO  o.a.m.s.f.DefaultMavenResourcesFiltering - skip non existing resourceDirectory D:\Hackerthon\demoblaze\src\main\resources
2025-03-02 06:38:38,350 [Worker-38: Building] INFO  o.a.m.s.f.DefaultMavenResourcesFiltering - Copying 1 resource from src\test\resources to target\test-classes
2025-03-02 06:40:31,764 [Worker-37: Building] INFO  o.a.m.s.f.DefaultMavenResourcesFiltering - skip non existing resourceDirectory D:\Hackerthon\demoblaze\src\main\resources
2025-03-02 06:40:31,766 [Worker-37: Building] INFO  o.a.m.s.f.DefaultMavenResourcesFiltering - Copying 1 resource from src\test\resources to target\test-classes
2025-03-02 06:40:47,340 [main] INFO  o.e.m.jdt.internal.UnitTestSupport - Updating Login.LoginWithInvalidPassword from maven configuration
2025-03-02 06:40:47,468 [Worker-34: Launching Login.LoginWithInvalidPassword] INFO  o.a.m.s.f.DefaultMavenResourcesFiltering - skip non existing resourceDirectory D:\Hackerthon\demoblaze\src\main\resources
2025-03-02 06:40:47,470 [Worker-34: Launching Login.LoginWithInvalidPassword] INFO  o.a.m.s.f.DefaultMavenResourcesFiltering - Copying 1 resource from src\test\resources to target\test-classes
2025-03-02 06:43:25,035 [Worker-38: Launching Login.LoginWithInvalidPassword] INFO  o.a.m.s.f.DefaultMavenResourcesFiltering - skip non existing resourceDirectory D:\Hackerthon\demoblaze\src\main\resources
2025-03-02 06:43:25,037 [Worker-38: Launching Login.LoginWithInvalidPassword] INFO  o.a.m.s.f.DefaultMavenResourcesFiltering - Copying 1 resource from src\test\resources to target\test-classes
2025-03-02 06:46:59,110 [Worker-41: Launching Login.LoginWithInvalidPassword] INFO  o.a.m.s.f.DefaultMavenResourcesFiltering - skip non existing resourceDirectory D:\Hackerthon\demoblaze\src\main\resources
2025-03-02 06:46:59,112 [Worker-41: Launching Login.LoginWithInvalidPassword] INFO  o.a.m.s.f.DefaultMavenResourcesFiltering - Copying 1 resource from src\test\resources to target\test-classes
2025-03-02 06:47:21,372 [Worker-41: Launching Login.LoginWithInvalidPassword] INFO  o.a.m.s.f.DefaultMavenResourcesFiltering - skip non existing resourceDirectory D:\Hackerthon\demoblaze\src\main\resources
2025-03-02 06:47:21,374 [Worker-41: Launching Login.LoginWithInvalidPassword] INFO  o.a.m.s.f.DefaultMavenResourcesFiltering - Copying 1 resource from src\test\resources to target\test-classes
2025-03-02 06:50:06,863 [Worker-43: Building] INFO  o.a.m.s.f.DefaultMavenResourcesFiltering - skip non existing resourceDirectory D:\Hackerthon\demoblaze\src\main\resources
2025-03-02 06:50:06,865 [Worker-43: Building] INFO  o.a.m.s.f.DefaultMavenResourcesFiltering - Copying 1 resource from src\test\resources to target\test-classes
2025-03-02 06:52:11,582 [Worker-44: Launching Login.LoginWithInvalidPassword] INFO  o.a.m.s.f.DefaultMavenResourcesFiltering - skip non existing resourceDirectory D:\Hackerthon\demoblaze\src\main\resources
2025-03-02 06:52:11,586 [Worker-44: Launching Login.LoginWithInvalidPassword] INFO  o.a.m.s.f.DefaultMavenResourcesFiltering - Copying 1 resource from src\test\resources to target\test-classes
2025-03-02 06:53:05,026 [main] INFO  o.e.m.jdt.internal.UnitTestSupport - Updating Login.LoginWithEmptyEmail from maven configuration
2025-03-02 06:53:05,172 [Worker-45: Launching Login.LoginWithEmptyEmail] INFO  o.a.m.s.f.DefaultMavenResourcesFiltering - skip non existing resourceDirectory D:\Hackerthon\demoblaze\src\main\resources
2025-03-02 06:53:05,175 [Worker-45: Launching Login.LoginWithEmptyEmail] INFO  o.a.m.s.f.DefaultMavenResourcesFiltering - Copying 1 resource from src\test\resources to target\test-classes
2025-03-02 06:54:26,202 [Worker-45: Building] INFO  o.a.m.s.f.DefaultMavenResourcesFiltering - skip non existing resourceDirectory D:\Hackerthon\demoblaze\src\main\resources
2025-03-02 06:54:26,204 [Worker-45: Building] INFO  o.a.m.s.f.DefaultMavenResourcesFiltering - Copying 0 resource from src\test\resources to target\test-classes
2025-03-02 06:55:51,380 [Worker-43: Building] INFO  o.a.m.s.f.DefaultMavenResourcesFiltering - skip non existing resourceDirectory D:\Hackerthon\demoblaze\src\main\resources
2025-03-02 06:55:51,382 [Worker-43: Building] INFO  o.a.m.s.f.DefaultMavenResourcesFiltering - Copying 1 resource from src\test\resources to target\test-classes
2025-03-02 06:56:19,301 [Worker-45: Building] INFO  o.a.m.s.f.DefaultMavenResourcesFiltering - skip non existing resourceDirectory D:\Hackerthon\demoblaze\src\main\resources
2025-03-02 06:56:19,303 [Worker-45: Building] INFO  o.a.m.s.f.DefaultMavenResourcesFiltering - Copying 0 resource from src\test\resources to target\test-classes
2025-03-02 06:56:52,432 [Worker-34: Launching Login.LoginWithEmptyEmail] INFO  o.a.m.s.f.DefaultMavenResourcesFiltering - skip non existing resourceDirectory D:\Hackerthon\demoblaze\src\main\resources
2025-03-02 06:56:52,434 [Worker-34: Launching Login.LoginWithEmptyEmail] INFO  o.a.m.s.f.DefaultMavenResourcesFiltering - Copying 1 resource from src\test\resources to target\test-classes
2025-03-02 07:00:28,748 [Worker-34: Building] INFO  o.a.m.s.f.DefaultMavenResourcesFiltering - skip non existing resourceDirectory D:\Hackerthon\demoblaze\src\main\resources
2025-03-02 07:00:28,750 [Worker-34: Building] INFO  o.a.m.s.f.DefaultMavenResourcesFiltering - Copying 1 resource from src\test\resources to target\test-classes
2025-03-02 07:06:14,571 [Worker-34: Building] INFO  o.a.m.s.f.DefaultMavenResourcesFiltering - skip non existing resourceDirectory D:\Hackerthon\demoblaze\src\main\resources
2025-03-02 07:06:14,574 [Worker-34: Building] INFO  o.a.m.s.f.DefaultMavenResourcesFiltering - Copying 1 resource from src\test\resources to target\test-classes
2025-03-02 07:09:48,213 [Worker-48: Building] INFO  o.a.m.s.f.DefaultMavenResourcesFiltering - skip non existing resourceDirectory D:\Hackerthon\demoblaze\src\main\resources
2025-03-02 07:09:48,216 [Worker-48: Building] INFO  o.a.m.s.f.DefaultMavenResourcesFiltering - Copying 1 resource from src\test\resources to target\test-classes
2025-03-02 07:12:01,335 [Worker-45: Building] INFO  o.a.m.s.f.DefaultMavenResourcesFiltering - skip non existing resourceDirectory D:\Hackerthon\demoblaze\src\main\resources
2025-03-02 07:12:01,339 [Worker-45: Building] INFO  o.a.m.s.f.DefaultMavenResourcesFiltering - Copying 1 resource from src\test\resources to target\test-classes
2025-03-02 07:12:03,988 [Worker-45: Building] INFO  o.a.m.s.f.DefaultMavenResourcesFiltering - skip non existing resourceDirectory D:\Hackerthon\demoblaze\src\main\resources
2025-03-02 07:12:03,990 [Worker-45: Building] INFO  o.a.m.s.f.DefaultMavenResourcesFiltering - Copying 2 resources from src\test\resources to target\test-classes
2025-03-02 07:14:07,338 [Worker-34: Building] INFO  o.a.m.s.f.DefaultMavenResourcesFiltering - skip non existing resourceDirectory D:\Hackerthon\demoblaze\src\main\resources
2025-03-02 07:14:07,340 [Worker-34: Building] INFO  o.a.m.s.f.DefaultMavenResourcesFiltering - Copying 2 resources from src\test\resources to target\test-classes
2025-03-02 07:14:12,486 [Worker-48: Building] INFO  o.a.m.s.f.DefaultMavenResourcesFiltering - skip non existing resourceDirectory D:\Hackerthon\demoblaze\src\main\resources
2025-03-02 07:14:12,490 [Worker-48: Building] INFO  o.a.m.s.f.DefaultMavenResourcesFiltering - Copying 0 resource from src\test\resources to target\test-classes
2025-03-02 07:14:45,303 [Worker-34: Building] INFO  o.a.m.s.f.DefaultMavenResourcesFiltering - skip non existing resourceDirectory D:\Hackerthon\demoblaze\src\main\resources
2025-03-02 07:14:45,305 [Worker-34: Building] INFO  o.a.m.s.f.DefaultMavenResourcesFiltering - Copying 0 resource from src\test\resources to target\test-classes
2025-03-02 07:15:03,843 [Worker-48: Building] INFO  o.a.m.s.f.DefaultMavenResourcesFiltering - skip non existing resourceDirectory D:\Hackerthon\demoblaze\src\main\resources
2025-03-02 07:15:03,845 [Worker-48: Building] INFO  o.a.m.s.f.DefaultMavenResourcesFiltering - Copying 0 resource from src\test\resources to target\test-classes
2025-03-02 07:15:44,653 [Worker-34: Building] INFO  o.a.m.s.f.DefaultMavenResourcesFiltering - skip non existing resourceDirectory D:\Hackerthon\demoblaze\src\main\resources
2025-03-02 07:15:44,655 [Worker-34: Building] INFO  o.a.m.s.f.DefaultMavenResourcesFiltering - Copying 0 resource from src\test\resources to target\test-classes
2025-03-02 07:15:49,915 [Worker-50: Building] INFO  o.a.m.s.f.DefaultMavenResourcesFiltering - skip non existing resourceDirectory D:\Hackerthon\demoblaze\src\main\resources
2025-03-02 07:15:49,917 [Worker-50: Building] INFO  o.a.m.s.f.DefaultMavenResourcesFiltering - Copying 1 resource from src\test\resources to target\test-classes
2025-03-02 07:16:06,213 [Worker-48: Building] INFO  o.a.m.s.f.DefaultMavenResourcesFiltering - skip non existing resourceDirectory D:\Hackerthon\demoblaze\src\main\resources
2025-03-02 07:16:06,215 [Worker-48: Building] INFO  o.a.m.s.f.DefaultMavenResourcesFiltering - Copying 0 resource from src\test\resources to target\test-classes
2025-03-02 07:16:29,373 [Worker-34: Building] INFO  o.a.m.s.f.DefaultMavenResourcesFiltering - skip non existing resourceDirectory D:\Hackerthon\demoblaze\src\main\resources
2025-03-02 07:16:29,374 [Worker-34: Building] INFO  o.a.m.s.f.DefaultMavenResourcesFiltering - Copying 1 resource from src\test\resources to target\test-classes
2025-03-02 07:16:40,755 [Worker-48: Building] INFO  o.a.m.s.f.DefaultMavenResourcesFiltering - skip non existing resourceDirectory D:\Hackerthon\demoblaze\src\main\resources
2025-03-02 07:16:40,758 [Worker-48: Building] INFO  o.a.m.s.f.DefaultMavenResourcesFiltering - Copying 1 resource from src\test\resources to target\test-classes
2025-03-02 07:16:54,005 [Worker-34: Building] INFO  o.a.m.s.f.DefaultMavenResourcesFiltering - skip non existing resourceDirectory D:\Hackerthon\demoblaze\src\main\resources
2025-03-02 07:16:54,007 [Worker-34: Building] INFO  o.a.m.s.f.DefaultMavenResourcesFiltering - Copying 1 resource from src\test\resources to target\test-classes
2025-03-02 07:17:02,573 [Worker-50: Building] INFO  o.a.m.s.f.DefaultMavenResourcesFiltering - skip non existing resourceDirectory D:\Hackerthon\demoblaze\src\main\resources
2025-03-02 07:17:02,575 [Worker-50: Building] INFO  o.a.m.s.f.DefaultMavenResourcesFiltering - Copying 1 resource from src\test\resources to target\test-classes
2025-03-02 07:18:59,214 [Worker-34: Building] INFO  o.a.m.s.f.DefaultMavenResourcesFiltering - skip non existing resourceDirectory D:\Hackerthon\demoblaze\src\main\resources
2025-03-02 07:18:59,217 [Worker-34: Building] INFO  o.a.m.s.f.DefaultMavenResourcesFiltering - Copying 1 resource from src\test\resources to target\test-classes
2025-03-02 07:19:31,592 [Worker-50: Building] INFO  o.a.m.s.f.DefaultMavenResourcesFiltering - skip non existing resourceDirectory D:\Hackerthon\demoblaze\src\main\resources
2025-03-02 07:19:31,595 [Worker-50: Building] INFO  o.a.m.s.f.DefaultMavenResourcesFiltering - Copying 1 resource from src\test\resources to target\test-classes
2025-03-02 07:19:56,212 [Worker-45: Building] INFO  o.a.m.s.f.DefaultMavenResourcesFiltering - skip non existing resourceDirectory D:\Hackerthon\demoblaze\src\main\resources
2025-03-02 07:19:56,214 [Worker-45: Building] INFO  o.a.m.s.f.DefaultMavenResourcesFiltering - Copying 1 resource from src\test\resources to target\test-classes
2025-03-02 07:20:09,504 [Worker-50: Building] INFO  o.a.m.s.f.DefaultMavenResourcesFiltering - skip non existing resourceDirectory D:\Hackerthon\demoblaze\src\main\resources
2025-03-02 07:20:09,506 [Worker-50: Building] INFO  o.a.m.s.f.DefaultMavenResourcesFiltering - Copying 1 resource from src\test\resources to target\test-classes
2025-03-02 07:30:28,532 [Worker-48: Building] INFO  o.a.m.s.f.DefaultMavenResourcesFiltering - skip non existing resourceDirectory D:\Hackerthon\demoblaze\src\main\resources
2025-03-02 07:30:28,534 [Worker-48: Building] INFO  o.a.m.s.f.DefaultMavenResourcesFiltering - Copying 0 resource from src\test\resources to target\test-classes
2025-03-02 07:34:44,424 [Worker-34: Building] INFO  o.a.m.s.f.DefaultMavenResourcesFiltering - skip non existing resourceDirectory D:\Hackerthon\demoblaze\src\main\resources
2025-03-02 07:34:44,426 [Worker-34: Building] INFO  o.a.m.s.f.DefaultMavenResourcesFiltering - Copying 0 resource from src\test\resources to target\test-classes
2025-03-02 07:34:48,295 [Worker-34: Building] INFO  o.a.m.s.f.DefaultMavenResourcesFiltering - skip non existing resourceDirectory D:\Hackerthon\demoblaze\src\main\resources
2025-03-02 07:34:48,302 [Worker-34: Building] INFO  o.a.m.s.f.DefaultMavenResourcesFiltering - Copying 1 resource from src\test\resources to target\test-classes
2025-03-02 07:35:41,653 [Worker-53: Building] INFO  o.a.m.s.f.DefaultMavenResourcesFiltering - skip non existing resourceDirectory D:\Hackerthon\demoblaze\src\main\resources
2025-03-02 07:35:41,654 [Worker-53: Building] INFO  o.a.m.s.f.DefaultMavenResourcesFiltering - Copying 1 resource from src\test\resources to target\test-classes
2025-03-02 07:35:44,521 [main] INFO  o.e.m.jdt.internal.UnitTestSupport - Updating SignUp.SignUpWithValidDetails from maven configuration
2025-03-02 07:40:27,267 [Worker-45: Building] INFO  o.a.m.s.f.DefaultMavenResourcesFiltering - skip non existing resourceDirectory D:\Hackerthon\demoblaze\src\main\resources
2025-03-02 07:40:27,269 [Worker-45: Building] INFO  o.a.m.s.f.DefaultMavenResourcesFiltering - Copying 1 resource from src\test\resources to target\test-classes
2025-03-02 07:40:28,753 [Worker-54: Launching SignUp.SignUpWithValidDetails] INFO  o.a.m.s.f.DefaultMavenResourcesFiltering - skip non existing resourceDirectory D:\Hackerthon\demoblaze\src\main\resources
2025-03-02 07:40:28,756 [Worker-54: Launching SignUp.SignUpWithValidDetails] INFO  o.a.m.s.f.DefaultMavenResourcesFiltering - Copying 0 resource from src\test\resources to target\test-classes
2025-03-02 07:42:00,434 [main] INFO  o.e.m.jdt.internal.UnitTestSupport - Updating SignUp.SignUpWithExistingUsername from maven configuration
2025-03-02 07:42:00,580 [Worker-45: Launching SignUp.SignUpWithExistingUsername] INFO  o.a.m.s.f.DefaultMavenResourcesFiltering - skip non existing resourceDirectory D:\Hackerthon\demoblaze\src\main\resources
2025-03-02 07:42:00,584 [Worker-45: Launching SignUp.SignUpWithExistingUsername] INFO  o.a.m.s.f.DefaultMavenResourcesFiltering - Copying 1 resource from src\test\resources to target\test-classes
2025-03-02 07:43:04,527 [main] INFO  o.e.m.jdt.internal.UnitTestSupport - Updating SignUp.SignUpWithEmptyUsername from maven configuration
2025-03-02 07:43:04,654 [Worker-48: Launching SignUp.SignUpWithEmptyUsername] INFO  o.a.m.s.f.DefaultMavenResourcesFiltering - skip non existing resourceDirectory D:\Hackerthon\demoblaze\src\main\resources
2025-03-02 07:43:04,656 [Worker-48: Launching SignUp.SignUpWithEmptyUsername] INFO  o.a.m.s.f.DefaultMavenResourcesFiltering - Copying 1 resource from src\test\resources to target\test-classes
2025-03-02 07:44:25,675 [Worker-48: Building] INFO  o.a.m.s.f.DefaultMavenResourcesFiltering - skip non existing resourceDirectory D:\Hackerthon\demoblaze\src\main\resources
2025-03-02 07:44:25,677 [Worker-48: Building] INFO  o.a.m.s.f.DefaultMavenResourcesFiltering - Copying 1 resource from src\test\resources to target\test-classes
2025-03-02 07:44:47,767 [Worker-53: Building] INFO  o.a.m.s.f.DefaultMavenResourcesFiltering - skip non existing resourceDirectory D:\Hackerthon\demoblaze\src\main\resources
2025-03-02 07:44:47,773 [Worker-53: Building] INFO  o.a.m.s.f.DefaultMavenResourcesFiltering - Copying 1 resource from src\test\resources to target\test-classes
2025-03-02 07:44:59,359 [Worker-54: Building] INFO  o.a.m.s.f.DefaultMavenResourcesFiltering - skip non existing resourceDirectory D:\Hackerthon\demoblaze\src\main\resources
2025-03-02 07:44:59,360 [Worker-54: Building] INFO  o.a.m.s.f.DefaultMavenResourcesFiltering - Copying 1 resource from src\test\resources to target\test-classes
2025-03-02 08:01:30,480 [Worker-52: Building] INFO  o.a.m.s.f.DefaultMavenResourcesFiltering - skip non existing resourceDirectory D:\Hackerthon\demoblaze\src\main\resources
2025-03-02 08:01:30,481 [Worker-52: Building] INFO  o.a.m.s.f.DefaultMavenResourcesFiltering - Copying 0 resource from src\test\resources to target\test-classes
2025-03-02 08:01:37,472 [Worker-55: Building] INFO  o.a.m.s.f.DefaultMavenResourcesFiltering - skip non existing resourceDirectory D:\Hackerthon\demoblaze\src\main\resources
2025-03-02 08:01:37,474 [Worker-55: Building] INFO  o.a.m.s.f.DefaultMavenResourcesFiltering - Copying 1 resource from src\test\resources to target\test-classes
2025-03-02 08:02:11,300 [main] INFO  o.e.m.jdt.internal.UnitTestSupport - Updating ShoppingCart.validateAddToCartWithoutLogin from maven configuration
2025-03-02 08:02:11,438 [Worker-54: Launching ShoppingCart.validateAddToCartWithoutLogin] INFO  o.a.m.s.f.DefaultMavenResourcesFiltering - skip non existing resourceDirectory D:\Hackerthon\demoblaze\src\main\resources
2025-03-02 08:02:11,440 [Worker-54: Launching ShoppingCart.validateAddToCartWithoutLogin] INFO  o.a.m.s.f.DefaultMavenResourcesFiltering - Copying 1 resource from src\test\resources to target\test-classes
2025-03-02 08:03:08,833 [Worker-56: Building] INFO  o.a.m.s.f.DefaultMavenResourcesFiltering - skip non existing resourceDirectory D:\Hackerthon\demoblaze\src\main\resources
2025-03-02 08:03:08,835 [Worker-56: Building] INFO  o.a.m.s.f.DefaultMavenResourcesFiltering - Copying 0 resource from src\test\resources to target\test-classes
2025-03-02 08:05:16,734 [Worker-55: Building] INFO  o.a.m.s.f.DefaultMavenResourcesFiltering - skip non existing resourceDirectory D:\Hackerthon\demoblaze\src\main\resources
2025-03-02 08:05:16,737 [Worker-55: Building] INFO  o.a.m.s.f.DefaultMavenResourcesFiltering - Copying 0 resource from src\test\resources to target\test-classes
2025-03-02 08:05:30,434 [main] INFO  o.e.m.jdt.internal.UnitTestSupport - Updating ShoppingCart.addMultipleProductsToCart from maven configuration
2025-03-02 08:06:08,962 [Worker-34: Building] INFO  o.a.m.s.f.DefaultMavenResourcesFiltering - skip non existing resourceDirectory D:\Hackerthon\demoblaze\src\main\resources
2025-03-02 08:06:08,964 [Worker-34: Building] INFO  o.a.m.s.f.DefaultMavenResourcesFiltering - Copying 1 resource from src\test\resources to target\test-classes
2025-03-02 08:11:11,716 [Worker-45: Building] INFO  o.a.m.s.f.DefaultMavenResourcesFiltering - skip non existing resourceDirectory D:\Hackerthon\demoblaze\src\main\resources
2025-03-02 08:11:11,718 [Worker-45: Building] INFO  o.a.m.s.f.DefaultMavenResourcesFiltering - Copying 0 resource from src\test\resources to target\test-classes
2025-03-02 08:16:18,243 [Worker-54: Building] INFO  o.a.m.s.f.DefaultMavenResourcesFiltering - skip non existing resourceDirectory D:\Hackerthon\demoblaze\src\main\resources
2025-03-02 08:16:18,245 [Worker-54: Building] INFO  o.a.m.s.f.DefaultMavenResourcesFiltering - Copying 1 resource from src\test\resources to target\test-classes
2025-03-02 08:16:19,406 [main] INFO  o.e.m.jdt.internal.UnitTestSupport - Updating Checkout.validateCheckoutProcess from maven configuration
2025-03-02 08:16:19,531 [Worker-55: Launching Checkout.validateCheckoutProcess] INFO  o.a.m.s.f.DefaultMavenResourcesFiltering - skip non existing resourceDirectory D:\Hackerthon\demoblaze\src\main\resources
2025-03-02 08:16:19,533 [Worker-55: Launching Checkout.validateCheckoutProcess] INFO  o.a.m.s.f.DefaultMavenResourcesFiltering - Copying 1 resource from src\test\resources to target\test-classes
2025-03-02 08:18:03,939 [Worker-52: Building] INFO  o.a.m.s.f.DefaultMavenResourcesFiltering - skip non existing resourceDirectory D:\Hackerthon\demoblaze\src\main\resources
2025-03-02 08:18:03,941 [Worker-52: Building] INFO  o.a.m.s.f.DefaultMavenResourcesFiltering - Copying 0 resource from src\test\resources to target\test-classes
2025-03-02 08:21:15,044 [Worker-34: Building] INFO  o.a.m.s.f.DefaultMavenResourcesFiltering - skip non existing resourceDirectory D:\Hackerthon\demoblaze\src\main\resources
2025-03-02 08:21:15,046 [Worker-34: Building] INFO  o.a.m.s.f.DefaultMavenResourcesFiltering - Copying 0 resource from src\test\resources to target\test-classes
2025-03-02 08:21:40,498 [main] INFO  o.e.m.jdt.internal.UnitTestSupport - Updating Checkout.validateCheckoutWithExpiredCard from maven configuration
2025-03-02 08:21:40,640 [Worker-58: Launching Checkout.validateCheckoutWithExpiredCard] INFO  o.a.m.s.f.DefaultMavenResourcesFiltering - skip non existing resourceDirectory D:\Hackerthon\demoblaze\src\main\resources
2025-03-02 08:21:40,642 [Worker-58: Launching Checkout.validateCheckoutWithExpiredCard] INFO  o.a.m.s.f.DefaultMavenResourcesFiltering - Copying 1 resource from src\test\resources to target\test-classes
2025-03-02 08:23:31,389 [main] INFO  o.e.m.jdt.internal.UnitTestSupport - Updating Checkout.validateCheckoutWithMultipleProducts from maven configuration
2025-03-02 08:23:31,553 [Worker-58: Launching Checkout.validateCheckoutWithMultipleProducts] INFO  o.a.m.s.f.DefaultMavenResourcesFiltering - skip non existing resourceDirectory D:\Hackerthon\demoblaze\src\main\resources
2025-03-02 08:23:31,555 [Worker-58: Launching Checkout.validateCheckoutWithMultipleProducts] INFO  o.a.m.s.f.DefaultMavenResourcesFiltering - Copying 1 resource from src\test\resources to target\test-classes
2025-03-02 08:23:50,336 [main] INFO  o.e.m.jdt.internal.UnitTestSupport - Updating Checkout from maven configuration
